2025-09-21T00:53:11.265+05:30  INFO 4764 --- [Long Distance Bus Backend] [main] o.e.b.LongDistanceBusBackendApplication  : Starting LongDistanceBusBackendApplication using Java 21.0.5 with PID 4764 (E:\Gamana Travel\Long Distance Bus Backend\target\classes started by USER in E:\Gamana Travel)
2025-09-21T00:53:11.371+05:30  INFO 4764 --- [Long Distance Bus Backend] [main] o.e.b.LongDistanceBusBackendApplication  : No active profile set, falling back to 1 default profile: "default"
2025-09-21T00:53:16.045+05:30  INFO 4764 --- [Long Distance Bus Backend] [main] .s.d.r.c.RepositoryConfigurationDelegate : Bootstrapping Spring Data JPA repositories in DEFAULT mode.
2025-09-21T00:53:16.737+05:30  INFO 4764 --- [Long Distance Bus Backend] [main] .s.d.r.c.RepositoryConfigurationDelegate : Finished Spring Data repository scanning in 659 ms. Found 17 JPA repository interfaces.
2025-09-21T00:53:19.728+05:30  INFO 4764 --- [Long Distance Bus Backend] [main] o.s.b.w.embedded.tomcat.TomcatWebServer  : Tomcat initialized with port 8080 (http)
2025-09-21T00:53:19.789+05:30  INFO 4764 --- [Long Distance Bus Backend] [main] o.apache.catalina.core.StandardService   : Starting service [Tomcat]
2025-09-21T00:53:19.790+05:30  INFO 4764 --- [Long Distance Bus Backend] [main] o.apache.catalina.core.StandardEngine    : Starting Servlet engine: [Apache Tomcat/10.1.20]
2025-09-21T00:53:20.152+05:30  INFO 4764 --- [Long Distance Bus Backend] [main] o.a.c.c.C.[Tomcat].[localhost].[/]       : Initializing Spring embedded WebApplicationContext
2025-09-21T00:53:20.154+05:30  INFO 4764 --- [Long Distance Bus Backend] [main] w.s.c.ServletWebServerApplicationContext : Root WebApplicationContext: initialization completed in 8461 ms
2025-09-21T00:53:20.871+05:30  INFO 4764 --- [Long Distance Bus Backend] [main] o.hibernate.jpa.internal.util.LogHelper  : HHH000204: Processing PersistenceUnitInfo [name: default]
2025-09-21T00:53:21.184+05:30  INFO 4764 --- [Long Distance Bus Backend] [main] org.hibernate.Version                    : HHH000412: Hibernate ORM core version 6.4.4.Final
2025-09-21T00:53:21.344+05:30  INFO 4764 --- [Long Distance Bus Backend] [main] o.h.c.internal.RegionFactoryInitiator    : HHH000026: Second-level cache disabled
2025-09-21T00:53:22.661+05:30  INFO 4764 --- [Long Distance Bus Backend] [main] o.s.o.j.p.SpringPersistenceUnitInfo      : No LoadTimeWeaver setup: ignoring JPA class transformer
2025-09-21T00:53:22.783+05:30  INFO 4764 --- [Long Distance Bus Backend] [main] com.zaxxer.hikari.HikariDataSource       : HikariPool-1 - Starting...
2025-09-21T00:53:24.335+05:30  INFO 4764 --- [Long Distance Bus Backend] [main] com.zaxxer.hikari.pool.HikariPool        : HikariPool-1 - Added connection com.mysql.cj.jdbc.ConnectionImpl@58bad46f
2025-09-21T00:53:24.342+05:30  INFO 4764 --- [Long Distance Bus Backend] [main] com.zaxxer.hikari.HikariDataSource       : HikariPool-1 - Start completed.
2025-09-21T00:53:24.794+05:30  WARN 4764 --- [Long Distance Bus Backend] [main] org.hibernate.orm.deprecation            : HHH90000025: MySQLDialect does not need to be specified explicitly using 'hibernate.dialect' (remove the property setting and it will be selected by default)
2025-09-21T00:53:34.156+05:30  INFO 4764 --- [Long Distance Bus Backend] [main] o.h.e.t.j.p.i.JtaPlatformInitiator       : HHH000489: No JTA platform available (set 'hibernate.transaction.jta.platform' to enable JTA platform integration)
2025-09-21T00:53:35.085+05:30  INFO 4764 --- [Long Distance Bus Backend] [main] j.LocalContainerEntityManagerFactoryBean : Initialized JPA EntityManagerFactory for persistence unit 'default'
2025-09-21T00:53:39.443+05:30  INFO 4764 --- [Long Distance Bus Backend] [main] o.s.d.j.r.query.QueryEnhancerFactory     : Hibernate is in classpath; If applicable, HQL parser will be used.
2025-09-21T00:53:44.239+05:30  WARN 4764 --- [Long Distance Bus Backend] [main] JpaBaseConfiguration$JpaWebConfiguration : spring.jpa.open-in-view is enabled by default. Therefore, database queries may be performed during view rendering. Explicitly configure spring.jpa.open-in-view to disable this warning
2025-09-21T00:53:45.926+05:30  INFO 4764 --- [Long Distance Bus Backend] [main] o.s.s.web.DefaultSecurityFilterChain     : Will secure any request with [org.springframework.security.web.session.DisableEncodeUrlFilter@8d44ee6, org.springframework.security.web.context.request.async.WebAsyncManagerIntegrationFilter@e7283dd, org.springframework.security.web.context.SecurityContextHolderFilter@5dd52021, org.springframework.security.web.header.HeaderWriterFilter@5f25b34d, org.springframework.web.filter.CorsFilter@8b62702, org.springframework.security.web.authentication.logout.LogoutFilter@b359d2d, org.example.backend.Util.JwtAuthFilter@d79a69b, org.springframework.security.web.savedrequest.RequestCacheAwareFilter@393bd750, org.springframework.security.web.servletapi.SecurityContextHolderAwareRequestFilter@49a2f134, org.springframework.security.web.authentication.AnonymousAuthenticationFilter@3aecbab2, org.springframework.security.web.session.SessionManagementFilter@2dda91b3, org.springframework.security.web.access.ExceptionTranslationFilter@38aa5ffe, org.springframework.security.web.access.intercept.AuthorizationFilter@320684cd]
2025-09-21T00:53:46.708+05:30  WARN 4764 --- [Long Distance Bus Backend] [main] ion$DefaultTemplateResolverConfiguration : Cannot find template location: classpath:/templates/ (please add some templates, check your Thymeleaf configuration, or set spring.thymeleaf.check-template-location=false)
2025-09-21T00:53:48.054+05:30  INFO 4764 --- [Long Distance Bus Backend] [main] o.s.b.w.embedded.tomcat.TomcatWebServer  : Tomcat started on port 8080 (http) with context path ''
2025-09-21T00:53:48.086+05:30  INFO 4764 --- [Long Distance Bus Backend] [main] o.e.b.LongDistanceBusBackendApplication  : Started LongDistanceBusBackendApplication in 38.933 seconds (process running for 43.776)
2025-09-21T02:21:56.390+05:30  INFO 4764 --- [Long Distance Bus Backend] [SpringApplicationShutdownHook] j.LocalContainerEntityManagerFactoryBean : Closing JPA EntityManagerFactory for persistence unit 'default'
2025-09-21T02:21:56.473+05:30  INFO 4764 --- [Long Distance Bus Backend] [SpringApplicationShutdownHook] com.zaxxer.hikari.HikariDataSource       : HikariPool-1 - Shutdown initiated...
2025-09-21T02:21:56.547+05:30  INFO 4764 --- [Long Distance Bus Backend] [SpringApplicationShutdownHook] com.zaxxer.hikari.HikariDataSource       : HikariPool-1 - Shutdown completed.
2025-09-21T14:10:45.946+05:30  INFO 9160 --- [Long Distance Bus Backend] [main] o.e.b.LongDistanceBusBackendApplication  : Starting LongDistanceBusBackendApplication using Java 21.0.5 with PID 9160 (E:\Gamana Travel\Long Distance Bus Backend\target\classes started by USER in E:\Gamana Travel)
2025-09-21T14:10:45.956+05:30  INFO 9160 --- [Long Distance Bus Backend] [main] o.e.b.LongDistanceBusBackendApplication  : No active profile set, falling back to 1 default profile: "default"
2025-09-21T14:10:51.207+05:30  INFO 9160 --- [Long Distance Bus Backend] [main] .s.d.r.c.RepositoryConfigurationDelegate : Bootstrapping Spring Data JPA repositories in DEFAULT mode.
2025-09-21T14:10:51.888+05:30  INFO 9160 --- [Long Distance Bus Backend] [main] .s.d.r.c.RepositoryConfigurationDelegate : Finished Spring Data repository scanning in 645 ms. Found 17 JPA repository interfaces.
2025-09-21T14:10:54.966+05:30  INFO 9160 --- [Long Distance Bus Backend] [main] o.s.b.w.embedded.tomcat.TomcatWebServer  : Tomcat initialized with port 8080 (http)
2025-09-21T14:10:55.022+05:30  INFO 9160 --- [Long Distance Bus Backend] [main] o.apache.catalina.core.StandardService   : Starting service [Tomcat]
2025-09-21T14:10:55.024+05:30  INFO 9160 --- [Long Distance Bus Backend] [main] o.apache.catalina.core.StandardEngine    : Starting Servlet engine: [Apache Tomcat/10.1.20]
2025-09-21T14:10:55.388+05:30  INFO 9160 --- [Long Distance Bus Backend] [main] o.a.c.c.C.[Tomcat].[localhost].[/]       : Initializing Spring embedded WebApplicationContext
2025-09-21T14:10:55.389+05:30  INFO 9160 --- [Long Distance Bus Backend] [main] w.s.c.ServletWebServerApplicationContext : Root WebApplicationContext: initialization completed in 9111 ms
2025-09-21T14:10:56.134+05:30  INFO 9160 --- [Long Distance Bus Backend] [main] o.hibernate.jpa.internal.util.LogHelper  : HHH000204: Processing PersistenceUnitInfo [name: default]
2025-09-21T14:10:56.474+05:30  INFO 9160 --- [Long Distance Bus Backend] [main] org.hibernate.Version                    : HHH000412: Hibernate ORM core version 6.4.4.Final
2025-09-21T14:10:56.644+05:30  INFO 9160 --- [Long Distance Bus Backend] [main] o.h.c.internal.RegionFactoryInitiator    : HHH000026: Second-level cache disabled
2025-09-21T14:10:58.331+05:30  INFO 9160 --- [Long Distance Bus Backend] [main] o.s.o.j.p.SpringPersistenceUnitInfo      : No LoadTimeWeaver setup: ignoring JPA class transformer
2025-09-21T14:10:58.505+05:30  INFO 9160 --- [Long Distance Bus Backend] [main] com.zaxxer.hikari.HikariDataSource       : HikariPool-1 - Starting...
2025-09-21T14:11:00.906+05:30  INFO 9160 --- [Long Distance Bus Backend] [main] com.zaxxer.hikari.pool.HikariPool        : HikariPool-1 - Added connection com.mysql.cj.jdbc.ConnectionImpl@4cc4d454
2025-09-21T14:11:00.915+05:30  INFO 9160 --- [Long Distance Bus Backend] [main] com.zaxxer.hikari.HikariDataSource       : HikariPool-1 - Start completed.
2025-09-21T14:11:01.633+05:30  WARN 9160 --- [Long Distance Bus Backend] [main] org.hibernate.orm.deprecation            : HHH90000025: MySQLDialect does not need to be specified explicitly using 'hibernate.dialect' (remove the property setting and it will be selected by default)
2025-09-21T14:11:10.089+05:30  INFO 9160 --- [Long Distance Bus Backend] [main] o.h.e.t.j.p.i.JtaPlatformInitiator       : HHH000489: No JTA platform available (set 'hibernate.transaction.jta.platform' to enable JTA platform integration)
2025-09-21T14:11:11.274+05:30  INFO 9160 --- [Long Distance Bus Backend] [main] j.LocalContainerEntityManagerFactoryBean : Initialized JPA EntityManagerFactory for persistence unit 'default'
2025-09-21T14:11:16.196+05:30  INFO 9160 --- [Long Distance Bus Backend] [main] o.s.d.j.r.query.QueryEnhancerFactory     : Hibernate is in classpath; If applicable, HQL parser will be used.
2025-09-21T14:11:21.431+05:30  WARN 9160 --- [Long Distance Bus Backend] [main] JpaBaseConfiguration$JpaWebConfiguration : spring.jpa.open-in-view is enabled by default. Therefore, database queries may be performed during view rendering. Explicitly configure spring.jpa.open-in-view to disable this warning
2025-09-21T14:11:24.673+05:30  INFO 9160 --- [Long Distance Bus Backend] [main] o.s.s.web.DefaultSecurityFilterChain     : Will secure any request with [org.springframework.security.web.session.DisableEncodeUrlFilter@5a95f63a, org.springframework.security.web.context.request.async.WebAsyncManagerIntegrationFilter@64cc5f34, org.springframework.security.web.context.SecurityContextHolderFilter@24328fca, org.springframework.security.web.header.HeaderWriterFilter@3baca7fb, org.springframework.web.filter.CorsFilter@73ce6315, org.springframework.security.web.authentication.logout.LogoutFilter@4d56bd3, org.example.backend.Util.JwtAuthFilter@4733662d, org.springframework.security.web.savedrequest.RequestCacheAwareFilter@c94f221, org.springframework.security.web.servletapi.SecurityContextHolderAwareRequestFilter@adeb5a6, org.springframework.security.web.authentication.AnonymousAuthenticationFilter@73ae7ce4, org.springframework.security.web.session.SessionManagementFilter@6e858790, org.springframework.security.web.access.ExceptionTranslationFilter@11a0e10, org.springframework.security.web.access.intercept.AuthorizationFilter@460f1d09]
2025-09-21T14:11:26.303+05:30  WARN 9160 --- [Long Distance Bus Backend] [main] ion$DefaultTemplateResolverConfiguration : Cannot find template location: classpath:/templates/ (please add some templates, check your Thymeleaf configuration, or set spring.thymeleaf.check-template-location=false)
2025-09-21T14:11:28.256+05:30  INFO 9160 --- [Long Distance Bus Backend] [main] o.s.b.w.embedded.tomcat.TomcatWebServer  : Tomcat started on port 8080 (http) with context path ''
2025-09-21T14:11:28.295+05:30  INFO 9160 --- [Long Distance Bus Backend] [main] o.e.b.LongDistanceBusBackendApplication  : Started LongDistanceBusBackendApplication in 44.551 seconds (process running for 52.346)
2025-09-21T14:43:58.159+05:30  INFO 9160 --- [Long Distance Bus Backend] [SpringApplicationShutdownHook] j.LocalContainerEntityManagerFactoryBean : Closing JPA EntityManagerFactory for persistence unit 'default'
2025-09-21T14:43:58.208+05:30  INFO 9160 --- [Long Distance Bus Backend] [SpringApplicationShutdownHook] com.zaxxer.hikari.HikariDataSource       : HikariPool-1 - Shutdown initiated...
2025-09-21T14:43:58.765+05:30  INFO 9160 --- [Long Distance Bus Backend] [SpringApplicationShutdownHook] com.zaxxer.hikari.HikariDataSource       : HikariPool-1 - Shutdown completed.
2025-09-21T14:45:02.417+05:30  INFO 7668 --- [Long Distance Bus Backend] [main] o.e.b.LongDistanceBusBackendApplication  : Starting LongDistanceBusBackendApplication using Java 21.0.5 with PID 7668 (E:\Gamana Travel\Long Distance Bus Backend\target\classes started by USER in E:\Gamana Travel)
2025-09-21T14:45:02.424+05:30  INFO 7668 --- [Long Distance Bus Backend] [main] o.e.b.LongDistanceBusBackendApplication  : No active profile set, falling back to 1 default profile: "default"
2025-09-21T14:45:07.467+05:30  INFO 7668 --- [Long Distance Bus Backend] [main] .s.d.r.c.RepositoryConfigurationDelegate : Bootstrapping Spring Data JPA repositories in DEFAULT mode.
2025-09-21T14:45:08.205+05:30  INFO 7668 --- [Long Distance Bus Backend] [main] .s.d.r.c.RepositoryConfigurationDelegate : Finished Spring Data repository scanning in 711 ms. Found 17 JPA repository interfaces.
2025-09-21T14:45:11.279+05:30  INFO 7668 --- [Long Distance Bus Backend] [main] o.s.b.w.embedded.tomcat.TomcatWebServer  : Tomcat initialized with port 8080 (http)
2025-09-21T14:45:11.327+05:30  INFO 7668 --- [Long Distance Bus Backend] [main] o.apache.catalina.core.StandardService   : Starting service [Tomcat]
2025-09-21T14:45:11.329+05:30  INFO 7668 --- [Long Distance Bus Backend] [main] o.apache.catalina.core.StandardEngine    : Starting Servlet engine: [Apache Tomcat/10.1.20]
2025-09-21T14:45:11.649+05:30  INFO 7668 --- [Long Distance Bus Backend] [main] o.a.c.c.C.[Tomcat].[localhost].[/]       : Initializing Spring embedded WebApplicationContext
2025-09-21T14:45:11.651+05:30  INFO 7668 --- [Long Distance Bus Backend] [main] w.s.c.ServletWebServerApplicationContext : Root WebApplicationContext: initialization completed in 8744 ms
2025-09-21T14:45:12.421+05:30  INFO 7668 --- [Long Distance Bus Backend] [main] o.hibernate.jpa.internal.util.LogHelper  : HHH000204: Processing PersistenceUnitInfo [name: default]
2025-09-21T14:45:12.686+05:30  INFO 7668 --- [Long Distance Bus Backend] [main] org.hibernate.Version                    : HHH000412: Hibernate ORM core version 6.4.4.Final
2025-09-21T14:45:12.828+05:30  INFO 7668 --- [Long Distance Bus Backend] [main] o.h.c.internal.RegionFactoryInitiator    : HHH000026: Second-level cache disabled
2025-09-21T14:45:14.202+05:30  INFO 7668 --- [Long Distance Bus Backend] [main] o.s.o.j.p.SpringPersistenceUnitInfo      : No LoadTimeWeaver setup: ignoring JPA class transformer
2025-09-21T14:45:14.352+05:30  INFO 7668 --- [Long Distance Bus Backend] [main] com.zaxxer.hikari.HikariDataSource       : HikariPool-1 - Starting...
2025-09-21T14:45:15.716+05:30  INFO 7668 --- [Long Distance Bus Backend] [main] com.zaxxer.hikari.pool.HikariPool        : HikariPool-1 - Added connection com.mysql.cj.jdbc.ConnectionImpl@44ddb518
2025-09-21T14:45:15.727+05:30  INFO 7668 --- [Long Distance Bus Backend] [main] com.zaxxer.hikari.HikariDataSource       : HikariPool-1 - Start completed.
2025-09-21T14:45:16.162+05:30  WARN 7668 --- [Long Distance Bus Backend] [main] org.hibernate.orm.deprecation            : HHH90000025: MySQLDialect does not need to be specified explicitly using 'hibernate.dialect' (remove the property setting and it will be selected by default)
2025-09-21T14:45:22.747+05:30  INFO 7668 --- [Long Distance Bus Backend] [main] o.h.e.t.j.p.i.JtaPlatformInitiator       : HHH000489: No JTA platform available (set 'hibernate.transaction.jta.platform' to enable JTA platform integration)
2025-09-21T14:45:23.550+05:30  INFO 7668 --- [Long Distance Bus Backend] [main] j.LocalContainerEntityManagerFactoryBean : Initialized JPA EntityManagerFactory for persistence unit 'default'
2025-09-21T14:45:27.459+05:30  INFO 7668 --- [Long Distance Bus Backend] [main] o.s.d.j.r.query.QueryEnhancerFactory     : Hibernate is in classpath; If applicable, HQL parser will be used.
2025-09-21T14:45:32.042+05:30  WARN 7668 --- [Long Distance Bus Backend] [main] JpaBaseConfiguration$JpaWebConfiguration : spring.jpa.open-in-view is enabled by default. Therefore, database queries may be performed during view rendering. Explicitly configure spring.jpa.open-in-view to disable this warning
2025-09-21T14:45:34.500+05:30  INFO 7668 --- [Long Distance Bus Backend] [main] o.s.s.web.DefaultSecurityFilterChain     : Will secure any request with [org.springframework.security.web.session.DisableEncodeUrlFilter@4299feea, org.springframework.security.web.context.request.async.WebAsyncManagerIntegrationFilter@5455f457, org.springframework.security.web.context.SecurityContextHolderFilter@55f0ba66, org.springframework.security.web.header.HeaderWriterFilter@17839acd, org.springframework.web.filter.CorsFilter@79a1730e, org.springframework.security.web.authentication.logout.LogoutFilter@26f6ed79, org.example.backend.Util.JwtAuthFilter@58c93be3, org.springframework.security.web.savedrequest.RequestCacheAwareFilter@5f19dea8, org.springframework.security.web.servletapi.SecurityContextHolderAwareRequestFilter@5eab0592, org.springframework.security.web.authentication.AnonymousAuthenticationFilter@a51ee41, org.springframework.security.web.session.SessionManagementFilter@8d15c75, org.springframework.security.web.access.ExceptionTranslationFilter@4cb20a1b, org.springframework.security.web.access.intercept.AuthorizationFilter@6d9f78a6]
2025-09-21T14:45:36.681+05:30  WARN 7668 --- [Long Distance Bus Backend] [main] ion$DefaultTemplateResolverConfiguration : Cannot find template location: classpath:/templates/ (please add some templates, check your Thymeleaf configuration, or set spring.thymeleaf.check-template-location=false)
2025-09-21T14:45:37.976+05:30  INFO 7668 --- [Long Distance Bus Backend] [main] o.s.b.w.embedded.tomcat.TomcatWebServer  : Tomcat started on port 8080 (http) with context path ''
2025-09-21T14:45:38.036+05:30  INFO 7668 --- [Long Distance Bus Backend] [main] o.e.b.LongDistanceBusBackendApplication  : Started LongDistanceBusBackendApplication in 39.41 seconds (process running for 48.075)
2025-09-21T14:45:55.214+05:30  INFO 7668 --- [Long Distance Bus Backend] [http-nio-8080-exec-1] o.a.c.c.C.[Tomcat].[localhost].[/]       : Initializing Spring DispatcherServlet 'dispatcherServlet'
2025-09-21T14:45:55.217+05:30  INFO 7668 --- [Long Distance Bus Backend] [http-nio-8080-exec-1] o.s.web.servlet.DispatcherServlet        : Initializing Servlet 'dispatcherServlet'
2025-09-21T14:45:55.235+05:30  INFO 7668 --- [Long Distance Bus Backend] [http-nio-8080-exec-1] o.s.web.servlet.DispatcherServlet        : Completed initialization in 6 ms
2025-09-21T14:46:02.983+05:30  INFO 7668 --- [Long Distance Bus Backend] [http-nio-8080-exec-3] o.e.backend.service.impl.EmailService    : Login notification email sent to ireshchathuranga63309@gmail.com
2025-09-21T14:56:02.197+05:30  INFO 7668 --- [Long Distance Bus Backend] [http-nio-8080-exec-5] o.e.backend.service.impl.EmailService    : Login notification email sent to ireshchathuranga63309@gmail.com
2025-09-21T14:59:17.962+05:30  INFO 7668 --- [Long Distance Bus Backend] [http-nio-8080-exec-10] o.e.b.controller.RegisterController      : INFO - User Created
2025-09-21T14:59:17.963+05:30  WARN 7668 --- [Long Distance Bus Backend] [http-nio-8080-exec-10] o.e.b.controller.RegisterController      : WARN -  User Created
2025-09-21T14:59:17.965+05:30 ERROR 7668 --- [Long Distance Bus Backend] [http-nio-8080-exec-10] o.e.b.controller.RegisterController      : ERROR - User Created
2025-09-21T15:00:00.367+05:30  INFO 7668 --- [Long Distance Bus Backend] [http-nio-8080-exec-1] o.e.backend.service.impl.EmailService    : Login notification email sent to ireshchathuranga63309@gmail.com
2025-09-21T15:06:57.596+05:30  INFO 7668 --- [Long Distance Bus Backend] [http-nio-8080-exec-7] o.e.backend.service.impl.EmailService    : Login notification email sent to chathurangairesh6789803344@gmail.com
2025-09-21T15:37:01.091+05:30  INFO 7668 --- [Long Distance Bus Backend] [SpringApplicationShutdownHook] j.LocalContainerEntityManagerFactoryBean : Closing JPA EntityManagerFactory for persistence unit 'default'
2025-09-21T15:37:03.167+05:30  INFO 7668 --- [Long Distance Bus Backend] [SpringApplicationShutdownHook] com.zaxxer.hikari.HikariDataSource       : HikariPool-1 - Shutdown initiated...
2025-09-21T15:37:04.267+05:30  INFO 7668 --- [Long Distance Bus Backend] [SpringApplicationShutdownHook] com.zaxxer.hikari.HikariDataSource       : HikariPool-1 - Shutdown completed.
2025-09-21T15:38:04.619+05:30  INFO 4964 --- [Long Distance Bus Backend] [main] o.e.b.LongDistanceBusBackendApplication  : Starting LongDistanceBusBackendApplication using Java 21.0.5 with PID 4964 (E:\Gamana Travel\Long Distance Bus Backend\target\classes started by USER in E:\Gamana Travel)
2025-09-21T15:38:04.628+05:30  INFO 4964 --- [Long Distance Bus Backend] [main] o.e.b.LongDistanceBusBackendApplication  : No active profile set, falling back to 1 default profile: "default"
2025-09-21T15:38:10.944+05:30  INFO 4964 --- [Long Distance Bus Backend] [main] .s.d.r.c.RepositoryConfigurationDelegate : Bootstrapping Spring Data JPA repositories in DEFAULT mode.
2025-09-21T15:38:11.675+05:30  INFO 4964 --- [Long Distance Bus Backend] [main] .s.d.r.c.RepositoryConfigurationDelegate : Finished Spring Data repository scanning in 687 ms. Found 17 JPA repository interfaces.
2025-09-21T15:38:15.266+05:30  INFO 4964 --- [Long Distance Bus Backend] [main] o.s.b.w.embedded.tomcat.TomcatWebServer  : Tomcat initialized with port 8080 (http)
2025-09-21T15:38:15.334+05:30  INFO 4964 --- [Long Distance Bus Backend] [main] o.apache.catalina.core.StandardService   : Starting service [Tomcat]
2025-09-21T15:38:15.335+05:30  INFO 4964 --- [Long Distance Bus Backend] [main] o.apache.catalina.core.StandardEngine    : Starting Servlet engine: [Apache Tomcat/10.1.20]
2025-09-21T15:38:15.822+05:30  INFO 4964 --- [Long Distance Bus Backend] [main] o.a.c.c.C.[Tomcat].[localhost].[/]       : Initializing Spring embedded WebApplicationContext
2025-09-21T15:38:15.823+05:30  INFO 4964 --- [Long Distance Bus Backend] [main] w.s.c.ServletWebServerApplicationContext : Root WebApplicationContext: initialization completed in 10854 ms
2025-09-21T15:38:16.692+05:30  INFO 4964 --- [Long Distance Bus Backend] [main] o.hibernate.jpa.internal.util.LogHelper  : HHH000204: Processing PersistenceUnitInfo [name: default]
2025-09-21T15:38:17.070+05:30  INFO 4964 --- [Long Distance Bus Backend] [main] org.hibernate.Version                    : HHH000412: Hibernate ORM core version 6.4.4.Final
2025-09-21T15:38:17.451+05:30  INFO 4964 --- [Long Distance Bus Backend] [main] o.h.c.internal.RegionFactoryInitiator    : HHH000026: Second-level cache disabled
2025-09-21T15:38:18.885+05:30  INFO 4964 --- [Long Distance Bus Backend] [main] o.s.o.j.p.SpringPersistenceUnitInfo      : No LoadTimeWeaver setup: ignoring JPA class transformer
2025-09-21T15:38:19.025+05:30  INFO 4964 --- [Long Distance Bus Backend] [main] com.zaxxer.hikari.HikariDataSource       : HikariPool-1 - Starting...
2025-09-21T15:38:20.971+05:30  INFO 4964 --- [Long Distance Bus Backend] [main] com.zaxxer.hikari.pool.HikariPool        : HikariPool-1 - Added connection com.mysql.cj.jdbc.ConnectionImpl@7d18338b
2025-09-21T15:38:20.989+05:30  INFO 4964 --- [Long Distance Bus Backend] [main] com.zaxxer.hikari.HikariDataSource       : HikariPool-1 - Start completed.
2025-09-21T15:38:21.400+05:30  WARN 4964 --- [Long Distance Bus Backend] [main] org.hibernate.orm.deprecation            : HHH90000025: MySQLDialect does not need to be specified explicitly using 'hibernate.dialect' (remove the property setting and it will be selected by default)
2025-09-21T15:38:28.423+05:30  INFO 4964 --- [Long Distance Bus Backend] [main] o.h.e.t.j.p.i.JtaPlatformInitiator       : HHH000489: No JTA platform available (set 'hibernate.transaction.jta.platform' to enable JTA platform integration)
2025-09-21T15:38:29.369+05:30  INFO 4964 --- [Long Distance Bus Backend] [main] j.LocalContainerEntityManagerFactoryBean : Initialized JPA EntityManagerFactory for persistence unit 'default'
2025-09-21T15:38:33.075+05:30  INFO 4964 --- [Long Distance Bus Backend] [main] o.s.d.j.r.query.QueryEnhancerFactory     : Hibernate is in classpath; If applicable, HQL parser will be used.
2025-09-21T15:38:37.811+05:30  WARN 4964 --- [Long Distance Bus Backend] [main] JpaBaseConfiguration$JpaWebConfiguration : spring.jpa.open-in-view is enabled by default. Therefore, database queries may be performed during view rendering. Explicitly configure spring.jpa.open-in-view to disable this warning
2025-09-21T15:38:39.944+05:30  INFO 4964 --- [Long Distance Bus Backend] [main] o.s.s.web.DefaultSecurityFilterChain     : Will secure any request with [org.springframework.security.web.session.DisableEncodeUrlFilter@787345aa, org.springframework.security.web.context.request.async.WebAsyncManagerIntegrationFilter@46fc79ed, org.springframework.security.web.context.SecurityContextHolderFilter@3e024667, org.springframework.security.web.header.HeaderWriterFilter@68606061, org.springframework.web.filter.CorsFilter@3e71b1a4, org.springframework.security.web.authentication.logout.LogoutFilter@16f52d68, org.example.backend.Util.JwtAuthFilter@ab595e8, org.springframework.security.web.savedrequest.RequestCacheAwareFilter@57268fc3, org.springframework.security.web.servletapi.SecurityContextHolderAwareRequestFilter@4f4a0e4, org.springframework.security.web.authentication.AnonymousAuthenticationFilter@1579cf25, org.springframework.security.web.session.SessionManagementFilter@53964b0e, org.springframework.security.web.access.ExceptionTranslationFilter@7481775c, org.springframework.security.web.access.intercept.AuthorizationFilter@4e74adb]
2025-09-21T15:38:40.704+05:30  WARN 4964 --- [Long Distance Bus Backend] [main] ion$DefaultTemplateResolverConfiguration : Cannot find template location: classpath:/templates/ (please add some templates, check your Thymeleaf configuration, or set spring.thymeleaf.check-template-location=false)
2025-09-21T15:38:41.729+05:30  INFO 4964 --- [Long Distance Bus Backend] [main] o.s.b.w.embedded.tomcat.TomcatWebServer  : Tomcat started on port 8080 (http) with context path ''
2025-09-21T15:38:41.764+05:30  INFO 4964 --- [Long Distance Bus Backend] [main] o.e.b.LongDistanceBusBackendApplication  : Started LongDistanceBusBackendApplication in 40.074 seconds (process running for 46.193)
2025-09-21T15:42:00.502+05:30  INFO 4964 --- [Long Distance Bus Backend] [SpringApplicationShutdownHook] j.LocalContainerEntityManagerFactoryBean : Closing JPA EntityManagerFactory for persistence unit 'default'
2025-09-21T15:42:01.363+05:30  INFO 4964 --- [Long Distance Bus Backend] [SpringApplicationShutdownHook] com.zaxxer.hikari.HikariDataSource       : HikariPool-1 - Shutdown initiated...
2025-09-21T15:42:01.429+05:30  INFO 4964 --- [Long Distance Bus Backend] [SpringApplicationShutdownHook] com.zaxxer.hikari.HikariDataSource       : HikariPool-1 - Shutdown completed.
2025-09-21T15:42:38.457+05:30  INFO 15168 --- [Long Distance Bus Backend] [main] o.e.b.LongDistanceBusBackendApplication  : Starting LongDistanceBusBackendApplication using Java 21.0.5 with PID 15168 (E:\Gamana Travel\Long Distance Bus Backend\target\classes started by USER in E:\Gamana Travel)
2025-09-21T15:42:38.464+05:30  INFO 15168 --- [Long Distance Bus Backend] [main] o.e.b.LongDistanceBusBackendApplication  : No active profile set, falling back to 1 default profile: "default"
2025-09-21T15:42:42.972+05:30  INFO 15168 --- [Long Distance Bus Backend] [main] .s.d.r.c.RepositoryConfigurationDelegate : Bootstrapping Spring Data JPA repositories in DEFAULT mode.
2025-09-21T15:42:43.561+05:30  INFO 15168 --- [Long Distance Bus Backend] [main] .s.d.r.c.RepositoryConfigurationDelegate : Finished Spring Data repository scanning in 560 ms. Found 17 JPA repository interfaces.
2025-09-21T15:42:46.513+05:30  INFO 15168 --- [Long Distance Bus Backend] [main] o.s.b.w.embedded.tomcat.TomcatWebServer  : Tomcat initialized with port 8080 (http)
2025-09-21T15:42:46.562+05:30  INFO 15168 --- [Long Distance Bus Backend] [main] o.apache.catalina.core.StandardService   : Starting service [Tomcat]
2025-09-21T15:42:46.565+05:30  INFO 15168 --- [Long Distance Bus Backend] [main] o.apache.catalina.core.StandardEngine    : Starting Servlet engine: [Apache Tomcat/10.1.20]
2025-09-21T15:42:46.910+05:30  INFO 15168 --- [Long Distance Bus Backend] [main] o.a.c.c.C.[Tomcat].[localhost].[/]       : Initializing Spring embedded WebApplicationContext
2025-09-21T15:42:46.912+05:30  INFO 15168 --- [Long Distance Bus Backend] [main] w.s.c.ServletWebServerApplicationContext : Root WebApplicationContext: initialization completed in 8166 ms
2025-09-21T15:42:47.629+05:30  INFO 15168 --- [Long Distance Bus Backend] [main] o.hibernate.jpa.internal.util.LogHelper  : HHH000204: Processing PersistenceUnitInfo [name: default]
2025-09-21T15:42:47.935+05:30  INFO 15168 --- [Long Distance Bus Backend] [main] org.hibernate.Version                    : HHH000412: Hibernate ORM core version 6.4.4.Final
2025-09-21T15:42:48.133+05:30  INFO 15168 --- [Long Distance Bus Backend] [main] o.h.c.internal.RegionFactoryInitiator    : HHH000026: Second-level cache disabled
2025-09-21T15:42:49.306+05:30  INFO 15168 --- [Long Distance Bus Backend] [main] o.s.o.j.p.SpringPersistenceUnitInfo      : No LoadTimeWeaver setup: ignoring JPA class transformer
2025-09-21T15:42:49.456+05:30  INFO 15168 --- [Long Distance Bus Backend] [main] com.zaxxer.hikari.HikariDataSource       : HikariPool-1 - Starting...
2025-09-21T15:42:50.890+05:30  INFO 15168 --- [Long Distance Bus Backend] [main] com.zaxxer.hikari.pool.HikariPool        : HikariPool-1 - Added connection com.mysql.cj.jdbc.ConnectionImpl@4ab455e2
2025-09-21T15:42:50.901+05:30  INFO 15168 --- [Long Distance Bus Backend] [main] com.zaxxer.hikari.HikariDataSource       : HikariPool-1 - Start completed.
2025-09-21T15:42:51.238+05:30  WARN 15168 --- [Long Distance Bus Backend] [main] org.hibernate.orm.deprecation            : HHH90000025: MySQLDialect does not need to be specified explicitly using 'hibernate.dialect' (remove the property setting and it will be selected by default)
2025-09-21T15:42:57.719+05:30  INFO 15168 --- [Long Distance Bus Backend] [main] o.h.e.t.j.p.i.JtaPlatformInitiator       : HHH000489: No JTA platform available (set 'hibernate.transaction.jta.platform' to enable JTA platform integration)
2025-09-21T15:42:58.522+05:30  INFO 15168 --- [Long Distance Bus Backend] [main] j.LocalContainerEntityManagerFactoryBean : Initialized JPA EntityManagerFactory for persistence unit 'default'
2025-09-21T15:43:02.094+05:30  INFO 15168 --- [Long Distance Bus Backend] [main] o.s.d.j.r.query.QueryEnhancerFactory     : Hibernate is in classpath; If applicable, HQL parser will be used.
2025-09-21T15:43:06.667+05:30  WARN 15168 --- [Long Distance Bus Backend] [main] JpaBaseConfiguration$JpaWebConfiguration : spring.jpa.open-in-view is enabled by default. Therefore, database queries may be performed during view rendering. Explicitly configure spring.jpa.open-in-view to disable this warning
2025-09-21T15:43:08.456+05:30  INFO 15168 --- [Long Distance Bus Backend] [main] o.s.s.web.DefaultSecurityFilterChain     : Will secure any request with [org.springframework.security.web.session.DisableEncodeUrlFilter@364178de, org.springframework.security.web.context.request.async.WebAsyncManagerIntegrationFilter@26a8eaaa, org.springframework.security.web.context.SecurityContextHolderFilter@7ce00985, org.springframework.security.web.header.HeaderWriterFilter@581b9fe6, org.springframework.web.filter.CorsFilter@540e593f, org.springframework.security.web.authentication.logout.LogoutFilter@46bd6c87, org.example.backend.Util.JwtAuthFilter@14aa2123, org.springframework.security.web.savedrequest.RequestCacheAwareFilter@476a0071, org.springframework.security.web.servletapi.SecurityContextHolderAwareRequestFilter@372ea7fa, org.springframework.security.web.authentication.AnonymousAuthenticationFilter@324fb35d, org.springframework.security.web.session.SessionManagementFilter@4d829889, org.springframework.security.web.access.ExceptionTranslationFilter@14318e90, org.springframework.security.web.access.intercept.AuthorizationFilter@b536551]
2025-09-21T15:43:09.207+05:30  WARN 15168 --- [Long Distance Bus Backend] [main] ion$DefaultTemplateResolverConfiguration : Cannot find template location: classpath:/templates/ (please add some templates, check your Thymeleaf configuration, or set spring.thymeleaf.check-template-location=false)
2025-09-21T15:43:10.731+05:30  INFO 15168 --- [Long Distance Bus Backend] [main] o.s.b.w.embedded.tomcat.TomcatWebServer  : Tomcat started on port 8080 (http) with context path ''
2025-09-21T15:43:10.770+05:30  INFO 15168 --- [Long Distance Bus Backend] [main] o.e.b.LongDistanceBusBackendApplication  : Started LongDistanceBusBackendApplication in 34.409 seconds (process running for 38.541)
2025-09-21T15:44:38.265+05:30  INFO 15168 --- [Long Distance Bus Backend] [http-nio-8080-exec-1] o.a.c.c.C.[Tomcat].[localhost].[/]       : Initializing Spring DispatcherServlet 'dispatcherServlet'
2025-09-21T15:44:38.267+05:30  INFO 15168 --- [Long Distance Bus Backend] [http-nio-8080-exec-1] o.s.web.servlet.DispatcherServlet        : Initializing Servlet 'dispatcherServlet'
2025-09-21T15:44:38.272+05:30  INFO 15168 --- [Long Distance Bus Backend] [http-nio-8080-exec-1] o.s.web.servlet.DispatcherServlet        : Completed initialization in 5 ms
2025-09-21T15:44:45.428+05:30  INFO 15168 --- [Long Distance Bus Backend] [http-nio-8080-exec-2] o.e.backend.service.impl.EmailService    : Login notification email sent to ireshchathuranga63309@gmail.com
2025-09-21T20:36:46.761+05:30  INFO 6460 --- [Long Distance Bus Backend] [main] o.e.b.LongDistanceBusBackendApplication  : Starting LongDistanceBusBackendApplication using Java 21.0.5 with PID 6460 (E:\Gamana Travel\Long Distance Bus Backend\target\classes started by USER in E:\Gamana Travel)
2025-09-21T20:36:46.767+05:30  INFO 6460 --- [Long Distance Bus Backend] [main] o.e.b.LongDistanceBusBackendApplication  : No active profile set, falling back to 1 default profile: "default"
2025-09-21T20:36:51.267+05:30  INFO 6460 --- [Long Distance Bus Backend] [main] .s.d.r.c.RepositoryConfigurationDelegate : Bootstrapping Spring Data JPA repositories in DEFAULT mode.
2025-09-21T20:36:51.841+05:30  INFO 6460 --- [Long Distance Bus Backend] [main] .s.d.r.c.RepositoryConfigurationDelegate : Finished Spring Data repository scanning in 547 ms. Found 17 JPA repository interfaces.
2025-09-21T20:36:54.834+05:30  INFO 6460 --- [Long Distance Bus Backend] [main] o.s.b.w.embedded.tomcat.TomcatWebServer  : Tomcat initialized with port 8080 (http)
2025-09-21T20:36:54.875+05:30  INFO 6460 --- [Long Distance Bus Backend] [main] o.apache.catalina.core.StandardService   : Starting service [Tomcat]
2025-09-21T20:36:54.877+05:30  INFO 6460 --- [Long Distance Bus Backend] [main] o.apache.catalina.core.StandardEngine    : Starting Servlet engine: [Apache Tomcat/10.1.20]
2025-09-21T20:36:55.136+05:30  INFO 6460 --- [Long Distance Bus Backend] [main] o.a.c.c.C.[Tomcat].[localhost].[/]       : Initializing Spring embedded WebApplicationContext
2025-09-21T20:36:55.139+05:30  INFO 6460 --- [Long Distance Bus Backend] [main] w.s.c.ServletWebServerApplicationContext : Root WebApplicationContext: initialization completed in 8095 ms
2025-09-21T20:36:55.771+05:30  INFO 6460 --- [Long Distance Bus Backend] [main] o.hibernate.jpa.internal.util.LogHelper  : HHH000204: Processing PersistenceUnitInfo [name: default]
2025-09-21T20:36:56.005+05:30  INFO 6460 --- [Long Distance Bus Backend] [main] org.hibernate.Version                    : HHH000412: Hibernate ORM core version 6.4.4.Final
2025-09-21T20:36:56.142+05:30  INFO 6460 --- [Long Distance Bus Backend] [main] o.h.c.internal.RegionFactoryInitiator    : HHH000026: Second-level cache disabled
2025-09-21T20:36:57.200+05:30  INFO 6460 --- [Long Distance Bus Backend] [main] o.s.o.j.p.SpringPersistenceUnitInfo      : No LoadTimeWeaver setup: ignoring JPA class transformer
2025-09-21T20:36:57.343+05:30  INFO 6460 --- [Long Distance Bus Backend] [main] com.zaxxer.hikari.HikariDataSource       : HikariPool-1 - Starting...
2025-09-21T20:37:01.913+05:30  INFO 6460 --- [Long Distance Bus Backend] [main] com.zaxxer.hikari.pool.HikariPool        : HikariPool-1 - Added connection com.mysql.cj.jdbc.ConnectionImpl@6febec41
2025-09-21T20:37:01.922+05:30  INFO 6460 --- [Long Distance Bus Backend] [main] com.zaxxer.hikari.HikariDataSource       : HikariPool-1 - Start completed.
2025-09-21T20:37:02.191+05:30  WARN 6460 --- [Long Distance Bus Backend] [main] org.hibernate.orm.deprecation            : HHH90000025: MySQLDialect does not need to be specified explicitly using 'hibernate.dialect' (remove the property setting and it will be selected by default)
2025-09-21T20:37:18.877+05:30  INFO 6460 --- [Long Distance Bus Backend] [main] o.h.e.t.j.p.i.JtaPlatformInitiator       : HHH000489: No JTA platform available (set 'hibernate.transaction.jta.platform' to enable JTA platform integration)
2025-09-21T20:37:21.691+05:30  INFO 6460 --- [Long Distance Bus Backend] [main] j.LocalContainerEntityManagerFactoryBean : Initialized JPA EntityManagerFactory for persistence unit 'default'
2025-09-21T20:37:46.833+05:30  INFO 6460 --- [Long Distance Bus Backend] [main] o.s.d.j.r.query.QueryEnhancerFactory     : Hibernate is in classpath; If applicable, HQL parser will be used.
2025-09-21T20:37:57.957+05:30  WARN 6460 --- [Long Distance Bus Backend] [main] JpaBaseConfiguration$JpaWebConfiguration : spring.jpa.open-in-view is enabled by default. Therefore, database queries may be performed during view rendering. Explicitly configure spring.jpa.open-in-view to disable this warning
2025-09-21T20:38:00.392+05:30  INFO 6460 --- [Long Distance Bus Backend] [main] o.s.s.web.DefaultSecurityFilterChain     : Will secure any request with [org.springframework.security.web.session.DisableEncodeUrlFilter@64e5f67b, org.springframework.security.web.context.request.async.WebAsyncManagerIntegrationFilter@687101a2, org.springframework.security.web.context.SecurityContextHolderFilter@637ca94b, org.springframework.security.web.header.HeaderWriterFilter@6a65daed, org.springframework.web.filter.CorsFilter@378c2cb4, org.springframework.security.web.authentication.logout.LogoutFilter@63734973, org.example.backend.Util.JwtAuthFilter@72ae1007, org.springframework.security.web.savedrequest.RequestCacheAwareFilter@5d6850f7, org.springframework.security.web.servletapi.SecurityContextHolderAwareRequestFilter@3b8bbfab, org.springframework.security.web.authentication.AnonymousAuthenticationFilter@c2ef25b, org.springframework.security.web.session.SessionManagementFilter@510fb1d8, org.springframework.security.web.access.ExceptionTranslationFilter@7be1b23d, org.springframework.security.web.access.intercept.AuthorizationFilter@6015326]
2025-09-21T20:38:01.964+05:30  WARN 6460 --- [Long Distance Bus Backend] [main] ion$DefaultTemplateResolverConfiguration : Cannot find template location: classpath:/templates/ (please add some templates, check your Thymeleaf configuration, or set spring.thymeleaf.check-template-location=false)
2025-09-21T20:38:05.464+05:30  INFO 6460 --- [Long Distance Bus Backend] [main] o.s.b.w.embedded.tomcat.TomcatWebServer  : Tomcat started on port 8080 (http) with context path ''
2025-09-21T20:38:05.509+05:30  INFO 6460 --- [Long Distance Bus Backend] [main] o.e.b.LongDistanceBusBackendApplication  : Started LongDistanceBusBackendApplication in 81.384 seconds (process running for 88.132)
